Using pre-set license
Built from '2020.3/staging' branch; Version is '2020.3.0f1 (c7b5465681fb) revision 13088070'; Using compiler version '192528614'; Build Type 'Release'
OS: 'Windows 10 Home Single Language; OS build 18363.1139; Version 1909; 64bit' Language: 'es' Physical Memory: 10153 MB
BatchMode: 1, IsHumanControllingUs: 0, StartBugReporterOnCrash: 0, Is64bit: 1, IsPro: 0

 COMMAND LINE ARGUMENTS:
D:\Unity\2020.3.0f1\Editor\Unity.exe
-adb2
-batchMode
-noUpm
-name
AssetImportWorker0
-projectPath
C:/Users/adan_/Documents/Repos/Jr-Programmer-Project
-logFile
Logs/AssetImportWorker0.log
-srvPort
56347
Successfully changed project path to: C:/Users/adan_/Documents/Repos/Jr-Programmer-Project
C:/Users/adan_/Documents/Repos/Jr-Programmer-Project
Using Asset Import Pipeline V2.
Refreshing native plugins compatible for Editor in 96.09 ms, found 0 plugins.
Preloading 0 native plugins for Editor in 0.00 ms.
Initialize engine version: 2020.3.0f1 (c7b5465681fb)
[Subsystems] Discovering subsystems at path D:/Unity/2020.3.0f1/Editor/Data/Resources/UnitySubsystems
[Subsystems] Discovering subsystems at path C:/Users/adan_/Documents/Repos/Jr-Programmer-Project/Assets
GfxDevice: creating device client; threaded=0
Direct3D:
    Version:  Direct3D 11.0 [level 11.1]
    Renderer: AMD Radeon(TM) Vega 8 Graphics (ID=0x15d8)
    Vendor:   
    VRAM:     5076 MB
    Driver:   25.20.14118.0
Shader 'Universal Render Pipeline/Particles/Lit': fallback shader 'Universal Render Pipeline/Particles/SimpleLit' not found
Initialize mono
Mono path[0] = 'D:/Unity/2020.3.0f1/Editor/Data/Managed'
Mono path[1] = 'D:/Unity/2020.3.0f1/Editor/Data/MonoBleedingEdge/lib/mono/unityjit'
Mono config path = 'D:/Unity/2020.3.0f1/Editor/Data/MonoBleedingEdge/etc'
Using monoOptions --debugger-agent=transport=dt_socket,embedding=1,server=y,suspend=n,address=127.0.0.1:56564
Begin MonoManager ReloadAssembly
Registering precompiled unity dll's ...
Register platform support module: D:/Unity/2020.3.0f1/Editor/Data/PlaybackEngines/WebGLSupport/UnityEditor.WebGL.Extensions.dll
Register platform support module: D:/Unity/2020.3.0f1/Editor/Data/PlaybackEngines/WindowsStandaloneSupport/UnityEditor.WindowsStandalone.Extensions.dll
Registered in 0.003930 seconds.
Native extension for WindowsStandalone target not found
Native extension for WebGL target not found
Refreshing native plugins compatible for Editor in 106.58 ms, found 0 plugins.
Preloading 0 native plugins for Editor in 0.00 ms.
Invoked RoslynAnalysisRunner static constructor.
RoslynAnalysisRunner will not be running.
RoslynAnalysisRunner has terminated.
Mono: successfully reloaded assembly
- Completed reload, in  3.351 seconds
Platform modules already initialized, skipping
Registering precompiled user dll's ...
Registered in 0.006509 seconds.
Begin MonoManager ReloadAssembly
Native extension for WindowsStandalone target not found
Native extension for WebGL target not found
Refreshing native plugins compatible for Editor in 103.69 ms, found 0 plugins.
Preloading 0 native plugins for Editor in 0.00 ms.
Invoked RoslynAnalysisRunner static constructor.
RoslynAnalysisRunner will not be running.
RoslynAnalysisRunner has terminated.
Mono: successfully reloaded assembly
- Completed reload, in  2.593 seconds
Platform modules already initialized, skipping
========================================================================
Worker process is ready to serve import requests
Shader 'Universal Render Pipeline/Particles/Lit': fallback shader 'Universal Render Pipeline/Particles/SimpleLit' not found
Launched and connected shader compiler UnityShaderCompiler.exe after 0.19 seconds
Refreshing native plugins compatible for Editor in 0.94 ms, found 0 plugins.
Preloading 0 native plugins for Editor in 0.00 ms.
Unloading 2468 Unused Serialized files (Serialized files now loaded: 0)
System memory in use before: 113.9 MB.
System memory in use after: 114.1 MB.

Unloading 10 unused Assets to reduce memory usage. Loaded Objects now: 2914.
Total: 15.219800 ms (FindLiveObjects: 2.672800 ms CreateObjectMapping: 0.969400 ms MarkObjects: 10.885200 ms  DeleteObjects: 0.682600 ms)

========================================================================
Received Import Request.
  path: Assets/Scripts/UserControl.cs
  artifactKey: Guid(199e5487dc20dbe4b906a0f91f07d50e) Importer(815301076,1909f56bfc062723c751e8b465ee728b)
Start importing Assets/Scripts/UserControl.cs using Guid(199e5487dc20dbe4b906a0f91f07d50e) Importer(815301076,1909f56bfc062723c751e8b465ee728b)  -> (artifact id: 'a99b373321146dc4cfcc059c35c2d05a') in 0.165007 seconds
  Import took 0.173897 seconds .

========================================================================
Received Import Request.
  Time since last request: 440.320300 seconds.
  path: Assets/Scripts/UserControl.cs
  artifactKey: Guid(199e5487dc20dbe4b906a0f91f07d50e) Importer(815301076,1909f56bfc062723c751e8b465ee728b)
Start importing Assets/Scripts/UserControl.cs using Guid(199e5487dc20dbe4b906a0f91f07d50e) Importer(815301076,1909f56bfc062723c751e8b465ee728b)  -> (artifact id: '5134ef4bb1b6e1abede95718b8d1d1a7') in 0.019463 seconds
  Import took 0.034744 seconds .

========================================================================
Received Prepare
Registering precompiled user dll's ...
Registered in 0.005159 seconds.
Begin MonoManager ReloadAssembly
Native extension for WindowsStandalone target not found
Native extension for WebGL target not found
Refreshing native plugins compatible for Editor in 0.94 ms, found 0 plugins.
Preloading 0 native plugins for Editor in 0.00 ms.
Invoked RoslynAnalysisRunner static constructor.
RoslynAnalysisRunner will not be running.
RoslynAnalysisRunner has terminated.
Mono: successfully reloaded assembly
- Completed reload, in  2.297 seconds
Platform modules already initialized, skipping
Shader 'Universal Render Pipeline/Particles/Lit': fallback shader 'Universal Render Pipeline/Particles/SimpleLit' not found
Refreshing native plugins compatible for Editor in 0.92 ms, found 0 plugins.
Preloading 0 native plugins for Editor in 0.00 ms.
Unloading 2359 Unused Serialized files (Serialized files now loaded: 0)
System memory in use before: 108.2 MB.
System memory in use after: 108.4 MB.

Unloading 5 unused Assets to reduce memory usage. Loaded Objects now: 2917.
Total: 5.757700 ms (FindLiveObjects: 0.605300 ms CreateObjectMapping: 0.166100 ms MarkObjects: 4.924100 ms  DeleteObjects: 0.059500 ms)

========================================================================
Received Prepare
Registering precompiled user dll's ...
Registered in 0.006843 seconds.
Begin MonoManager ReloadAssembly
Native extension for WindowsStandalone target not found
Native extension for WebGL target not found
Refreshing native plugins compatible for Editor in 0.92 ms, found 0 plugins.
Preloading 0 native plugins for Editor in 0.00 ms.
Invoked RoslynAnalysisRunner static constructor.
RoslynAnalysisRunner will not be running.
RoslynAnalysisRunner has terminated.
Mono: successfully reloaded assembly
- Completed reload, in  2.474 seconds
Platform modules already initialized, skipping
Shader 'Universal Render Pipeline/Particles/Lit': fallback shader 'Universal Render Pipeline/Particles/SimpleLit' not found
Refreshing native plugins compatible for Editor in 1.67 ms, found 0 plugins.
Preloading 0 native plugins for Editor in 0.00 ms.
Unloading 2359 Unused Serialized files (Serialized files now loaded: 0)
System memory in use before: 108.2 MB.
System memory in use after: 108.4 MB.

Unloading 5 unused Assets to reduce memory usage. Loaded Objects now: 2920.
Total: 7.992600 ms (FindLiveObjects: 1.072100 ms CreateObjectMapping: 0.644200 ms MarkObjects: 6.213600 ms  DeleteObjects: 0.058300 ms)

========================================================================
Received Import Request.
  Time since last request: 100.767159 seconds.
  path: Assets/Scripts/UserControl.cs
  artifactKey: Guid(199e5487dc20dbe4b906a0f91f07d50e) Importer(815301076,1909f56bfc062723c751e8b465ee728b)
Start importing Assets/Scripts/UserControl.cs using Guid(199e5487dc20dbe4b906a0f91f07d50e) Importer(815301076,1909f56bfc062723c751e8b465ee728b)  -> (artifact id: 'ec209ed52e27ab7018ab520bfe315f24') in 0.022675 seconds
  Import took 0.035662 seconds .

========================================================================
Received Prepare
Registering precompiled user dll's ...
Registered in 0.006310 seconds.
Begin MonoManager ReloadAssembly
Native extension for WindowsStandalone target not found
Native extension for WebGL target not found
Refreshing native plugins compatible for Editor in 1.70 ms, found 0 plugins.
Preloading 0 native plugins for Editor in 0.00 ms.
Invoked RoslynAnalysisRunner static constructor.
RoslynAnalysisRunner will not be running.
RoslynAnalysisRunner has terminated.
Mono: successfully reloaded assembly
- Completed reload, in  2.419 seconds
Platform modules already initialized, skipping
Shader 'Universal Render Pipeline/Particles/Lit': fallback shader 'Universal Render Pipeline/Particles/SimpleLit' not found
Refreshing native plugins compatible for Editor in 0.95 ms, found 0 plugins.
Preloading 0 native plugins for Editor in 0.00 ms.
Unloading 2359 Unused Serialized files (Serialized files now loaded: 0)
System memory in use before: 108.3 MB.
System memory in use after: 108.5 MB.

Unloading 5 unused Assets to reduce memory usage. Loaded Objects now: 2923.
Total: 7.305300 ms (FindLiveObjects: 0.755400 ms CreateObjectMapping: 0.227800 ms MarkObjects: 6.256000 ms  DeleteObjects: 0.062900 ms)

========================================================================
Received Import Request.
  Time since last request: 22.071713 seconds.
  path: Assets/Scripts/UserControl.cs
  artifactKey: Guid(199e5487dc20dbe4b906a0f91f07d50e) Importer(815301076,1909f56bfc062723c751e8b465ee728b)
Start importing Assets/Scripts/UserControl.cs using Guid(199e5487dc20dbe4b906a0f91f07d50e) Importer(815301076,1909f56bfc062723c751e8b465ee728b)  -> (artifact id: '35bbf5caa1c658c79e6b34f5ce1d79b0') in 0.021135 seconds
  Import took 0.036880 seconds .

========================================================================
Received Import Request.
  Time since last request: 921.579554 seconds.
  path: Assets/Scenes/Main.unity
  artifactKey: Guid(49eb575efe7f42741b60381cc0e8b633) Importer(815301076,1909f56bfc062723c751e8b465ee728b)
Start importing Assets/Scenes/Main.unity using Guid(49eb575efe7f42741b60381cc0e8b633) Importer(815301076,1909f56bfc062723c751e8b465ee728b)  -> (artifact id: 'a8780d53704affcea3be60b8d2739652') in 0.038734 seconds
  Import took 0.051594 seconds .

========================================================================
Received Prepare
Registering precompiled user dll's ...
Registered in 0.007083 seconds.
Begin MonoManager ReloadAssembly
Native extension for WindowsStandalone target not found
Native extension for WebGL target not found
Refreshing native plugins compatible for Editor in 0.98 ms, found 0 plugins.
Preloading 0 native plugins for Editor in 0.00 ms.
Invoked RoslynAnalysisRunner static constructor.
RoslynAnalysisRunner will not be running.
RoslynAnalysisRunner has terminated.
Mono: successfully reloaded assembly
- Completed reload, in  2.302 seconds
Platform modules already initialized, skipping
Shader 'Universal Render Pipeline/Particles/Lit': fallback shader 'Universal Render Pipeline/Particles/SimpleLit' not found
Refreshing native plugins compatible for Editor in 0.90 ms, found 0 plugins.
Preloading 0 native plugins for Editor in 0.00 ms.
Unloading 2360 Unused Serialized files (Serialized files now loaded: 0)
System memory in use before: 108.3 MB.
System memory in use after: 108.6 MB.

Unloading 5 unused Assets to reduce memory usage. Loaded Objects now: 2927.
Total: 6.714600 ms (FindLiveObjects: 0.733700 ms CreateObjectMapping: 0.181700 ms MarkObjects: 5.733400 ms  DeleteObjects: 0.061900 ms)

========================================================================
Received Import Request.
  Time since last request: 91.937696 seconds.
  path: Assets/Scripts/ProductivityUnit.cs
  artifactKey: Guid(131ee510c7d654c48ace298db0dab093) Importer(815301076,1909f56bfc062723c751e8b465ee728b)
Start importing Assets/Scripts/ProductivityUnit.cs using Guid(131ee510c7d654c48ace298db0dab093) Importer(815301076,1909f56bfc062723c751e8b465ee728b)  -> (artifact id: 'efc80ba7dfc562e2e5cea80bb7310a99') in 0.020959 seconds
  Import took 0.031326 seconds .

========================================================================
Received Import Request.
  Time since last request: 432.922825 seconds.
  path: Assets/Scripts/ProductivityUnit.cs
  artifactKey: Guid(131ee510c7d654c48ace298db0dab093) Importer(815301076,1909f56bfc062723c751e8b465ee728b)
Start importing Assets/Scripts/ProductivityUnit.cs using Guid(131ee510c7d654c48ace298db0dab093) Importer(815301076,1909f56bfc062723c751e8b465ee728b)  -> (artifact id: '8743eb16768a27c3b9c22dd3a64c52b7') in 0.013051 seconds
  Import took 0.029239 seconds .

========================================================================
Received Prepare
Registering precompiled user dll's ...
Registered in 0.007136 seconds.
Begin MonoManager ReloadAssembly
Native extension for WindowsStandalone target not found
Native extension for WebGL target not found
Refreshing native plugins compatible for Editor in 2.06 ms, found 0 plugins.
Preloading 0 native plugins for Editor in 0.00 ms.
Invoked RoslynAnalysisRunner static constructor.
RoslynAnalysisRunner will not be running.
RoslynAnalysisRunner has terminated.
Mono: successfully reloaded assembly
- Completed reload, in  2.402 seconds
Platform modules already initialized, skipping
Shader 'Universal Render Pipeline/Particles/Lit': fallback shader 'Universal Render Pipeline/Particles/SimpleLit' not found
Refreshing native plugins compatible for Editor in 0.95 ms, found 0 plugins.
Preloading 0 native plugins for Editor in 0.00 ms.
Unloading 2360 Unused Serialized files (Serialized files now loaded: 0)
System memory in use before: 108.3 MB.
System memory in use after: 108.5 MB.

Unloading 5 unused Assets to reduce memory usage. Loaded Objects now: 2930.
Total: 7.358800 ms (FindLiveObjects: 0.734100 ms CreateObjectMapping: 0.353800 ms MarkObjects: 6.202800 ms  DeleteObjects: 0.064100 ms)

========================================================================
Received Import Request.
  Time since last request: 100.329325 seconds.
  path: Assets/Scripts/ProductivityUnit.cs
  artifactKey: Guid(131ee510c7d654c48ace298db0dab093) Importer(815301076,1909f56bfc062723c751e8b465ee728b)
Start importing Assets/Scripts/ProductivityUnit.cs using Guid(131ee510c7d654c48ace298db0dab093) Importer(815301076,1909f56bfc062723c751e8b465ee728b)  -> (artifact id: 'c3ed0c8edb4d73cd6a1647ed8788d2fd') in 0.016720 seconds
  Import took 0.028271 seconds .

========================================================================
Received Import Request.
  Time since last request: 145.014950 seconds.
  path: Assets/Scenes/Menu.unity
  artifactKey: Guid(ae666798a74d3a5488e0c0ec42a1265d) Importer(815301076,1909f56bfc062723c751e8b465ee728b)
Start importing Assets/Scenes/Menu.unity using Guid(ae666798a74d3a5488e0c0ec42a1265d) Importer(815301076,1909f56bfc062723c751e8b465ee728b)  -> (artifact id: '74f823ff3d20e778dd2fed561e64a2f8') in 0.033277 seconds
  Import took 0.047044 seconds .

========================================================================
Received Import Request.
  Time since last request: 0.002389 seconds.
  path: Assets/Scenes/Menu.unity
  artifactKey: Guid(ae666798a74d3a5488e0c0ec42a1265d) Importer(815301076,1909f56bfc062723c751e8b465ee728b)
Start importing Assets/Scenes/Menu.unity using Guid(ae666798a74d3a5488e0c0ec42a1265d) Importer(815301076,1909f56bfc062723c751e8b465ee728b)  -> (artifact id: '74f823ff3d20e778dd2fed561e64a2f8') in 0.014036 seconds
  Import took 0.023997 seconds .

========================================================================
Received Prepare
Registering precompiled user dll's ...
Registered in 0.006813 seconds.
Begin MonoManager ReloadAssembly
Native extension for WindowsStandalone target not found
Native extension for WebGL target not found
Refreshing native plugins compatible for Editor in 1.00 ms, found 0 plugins.
Preloading 0 native plugins for Editor in 0.00 ms.
Invoked RoslynAnalysisRunner static constructor.
RoslynAnalysisRunner will not be running.
RoslynAnalysisRunner has terminated.
Mono: successfully reloaded assembly
- Completed reload, in  2.207 seconds
Platform modules already initialized, skipping
Shader 'Universal Render Pipeline/Particles/Lit': fallback shader 'Universal Render Pipeline/Particles/SimpleLit' not found
Refreshing native plugins compatible for Editor in 1.46 ms, found 0 plugins.
Preloading 0 native plugins for Editor in 0.00 ms.
Unloading 2360 Unused Serialized files (Serialized files now loaded: 0)
System memory in use before: 108.4 MB.
System memory in use after: 108.6 MB.

Unloading 5 unused Assets to reduce memory usage. Loaded Objects now: 2933.
Total: 7.068300 ms (FindLiveObjects: 0.745700 ms CreateObjectMapping: 0.176800 ms MarkObjects: 6.067800 ms  DeleteObjects: 0.071600 ms)

========================================================================
Received Prepare
Registering precompiled user dll's ...
Registered in 0.006064 seconds.
Begin MonoManager ReloadAssembly
Native extension for WindowsStandalone target not found
Native extension for WebGL target not found
Refreshing native plugins compatible for Editor in 1.54 ms, found 0 plugins.
Preloading 0 native plugins for Editor in 0.00 ms.
Invoked RoslynAnalysisRunner static constructor.
RoslynAnalysisRunner will not be running.
RoslynAnalysisRunner has terminated.
Mono: successfully reloaded assembly
- Completed reload, in  2.824 seconds
Platform modules already initialized, skipping
Shader 'Universal Render Pipeline/Particles/Lit': fallback shader 'Universal Render Pipeline/Particles/SimpleLit' not found
Refreshing native plugins compatible for Editor in 1.18 ms, found 0 plugins.
Preloading 0 native plugins for Editor in 0.00 ms.
Unloading 2360 Unused Serialized files (Serialized files now loaded: 0)
System memory in use before: 108.5 MB.
System memory in use after: 108.7 MB.

Unloading 5 unused Assets to reduce memory usage. Loaded Objects now: 2936.
Total: 7.497700 ms (FindLiveObjects: 0.944100 ms CreateObjectMapping: 0.219500 ms MarkObjects: 6.281000 ms  DeleteObjects: 0.050200 ms)

========================================================================
Received Prepare
Registering precompiled user dll's ...
Registered in 0.004763 seconds.
Begin MonoManager ReloadAssembly
Native extension for WindowsStandalone target not found
Native extension for WebGL target not found
Refreshing native plugins compatible for Editor in 1.18 ms, found 0 plugins.
Preloading 0 native plugins for Editor in 0.00 ms.
Invoked RoslynAnalysisRunner static constructor.
RoslynAnalysisRunner will not be running.
RoslynAnalysisRunner has terminated.
Mono: successfully reloaded assembly
- Completed reload, in  2.182 seconds
Platform modules already initialized, skipping
Shader 'Universal Render Pipeline/Particles/Lit': fallback shader 'Universal Render Pipeline/Particles/SimpleLit' not found
Refreshing native plugins compatible for Editor in 0.96 ms, found 0 plugins.
Preloading 0 native plugins for Editor in 0.00 ms.
Unloading 2360 Unused Serialized files (Serialized files now loaded: 0)
System memory in use before: 108.5 MB.
System memory in use after: 108.7 MB.

Unloading 5 unused Assets to reduce memory usage. Loaded Objects now: 2939.
Total: 5.437000 ms (FindLiveObjects: 0.752000 ms CreateObjectMapping: 0.346300 ms MarkObjects: 4.288300 ms  DeleteObjects: 0.046000 ms)

========================================================================
Received Prepare
Registering precompiled user dll's ...
Registered in 0.005702 seconds.
Begin MonoManager ReloadAssembly
Native extension for WindowsStandalone target not found
Native extension for WebGL target not found
Refreshing native plugins compatible for Editor in 0.92 ms, found 0 plugins.
Preloading 0 native plugins for Editor in 0.00 ms.
Invoked RoslynAnalysisRunner static constructor.
RoslynAnalysisRunner will not be running.
RoslynAnalysisRunner has terminated.
Mono: successfully reloaded assembly
- Completed reload, in  2.196 seconds
Platform modules already initialized, skipping
Shader 'Universal Render Pipeline/Particles/Lit': fallback shader 'Universal Render Pipeline/Particles/SimpleLit' not found
Refreshing native plugins compatible for Editor in 1.05 ms, found 0 plugins.
Preloading 0 native plugins for Editor in 0.00 ms.
Unloading 2360 Unused Serialized files (Serialized files now loaded: 0)
System memory in use before: 108.5 MB.
System memory in use after: 108.7 MB.

Unloading 5 unused Assets to reduce memory usage. Loaded Objects now: 2942.
Total: 16.296700 ms (FindLiveObjects: 4.514400 ms CreateObjectMapping: 2.053100 ms MarkObjects: 9.667700 ms  DeleteObjects: 0.052900 ms)

========================================================================
Received Prepare
Registering precompiled user dll's ...
Registered in 0.011455 seconds.
Begin MonoManager ReloadAssembly
Native extension for WindowsStandalone target not found
Native extension for WebGL target not found
Refreshing native plugins compatible for Editor in 0.88 ms, found 0 plugins.
Preloading 0 native plugins for Editor in 0.00 ms.
Invoked RoslynAnalysisRunner static constructor.
RoslynAnalysisRunner will not be running.
RoslynAnalysisRunner has terminated.
Mono: successfully reloaded assembly
- Completed reload, in  3.184 seconds
Platform modules already initialized, skipping
Shader 'Universal Render Pipeline/Particles/Lit': fallback shader 'Universal Render Pipeline/Particles/SimpleLit' not found
Refreshing native plugins compatible for Editor in 1.02 ms, found 0 plugins.
Preloading 0 native plugins for Editor in 0.00 ms.
Unloading 2360 Unused Serialized files (Serialized files now loaded: 0)
System memory in use before: 108.5 MB.
System memory in use after: 108.7 MB.

Unloading 5 unused Assets to reduce memory usage. Loaded Objects now: 2945.
Total: 5.803700 ms (FindLiveObjects: 0.759800 ms CreateObjectMapping: 0.224500 ms MarkObjects: 4.768400 ms  DeleteObjects: 0.046400 ms)

========================================================================
Received Prepare
Registering precompiled user dll's ...
Registered in 0.006128 seconds.
Begin MonoManager ReloadAssembly
Native extension for WindowsStandalone target not found
Native extension for WebGL target not found
Refreshing native plugins compatible for Editor in 1.79 ms, found 0 plugins.
Preloading 0 native plugins for Editor in 0.00 ms.
Invoked RoslynAnalysisRunner static constructor.
RoslynAnalysisRunner will not be running.
RoslynAnalysisRunner has terminated.
Mono: successfully reloaded assembly
- Completed reload, in  2.252 seconds
Platform modules already initialized, skipping
Shader 'Universal Render Pipeline/Particles/Lit': fallback shader 'Universal Render Pipeline/Particles/SimpleLit' not found
Refreshing native plugins compatible for Editor in 1.01 ms, found 0 plugins.
Preloading 0 native plugins for Editor in 0.00 ms.
Unloading 2360 Unused Serialized files (Serialized files now loaded: 0)
System memory in use before: 108.6 MB.
System memory in use after: 108.8 MB.

Unloading 5 unused Assets to reduce memory usage. Loaded Objects now: 2948.
Total: 8.682500 ms (FindLiveObjects: 1.488100 ms CreateObjectMapping: 0.971200 ms MarkObjects: 6.168200 ms  DeleteObjects: 0.049500 ms)

========================================================================
Received Prepare
Registering precompiled user dll's ...
Registered in 0.008493 seconds.
Begin MonoManager ReloadAssembly
Native extension for WindowsStandalone target not found
Native extension for WebGL target not found
Refreshing native plugins compatible for Editor in 1.49 ms, found 0 plugins.
Preloading 0 native plugins for Editor in 0.00 ms.
Invoked RoslynAnalysisRunner static constructor.
RoslynAnalysisRunner will not be running.
RoslynAnalysisRunner has terminated.
Mono: successfully reloaded assembly
- Completed reload, in  2.253 seconds
Platform modules already initialized, skipping
Shader 'Universal Render Pipeline/Particles/Lit': fallback shader 'Universal Render Pipeline/Particles/SimpleLit' not found
Refreshing native plugins compatible for Editor in 0.98 ms, found 0 plugins.
Preloading 0 native plugins for Editor in 0.00 ms.
Unloading 2360 Unused Serialized files (Serialized files now loaded: 0)
System memory in use before: 108.6 MB.
System memory in use after: 108.8 MB.

Unloading 5 unused Assets to reduce memory usage. Loaded Objects now: 2951.
Total: 5.779500 ms (FindLiveObjects: 0.678500 ms CreateObjectMapping: 0.247200 ms MarkObjects: 4.803000 ms  DeleteObjects: 0.045700 ms)

========================================================================
Received Import Request.
  Time since last request: 2104.662618 seconds.
  path: Assets/Scripts/ResourcePile.cs
  artifactKey: Guid(0c73ebf095b3f9a4e8ed3d2eb5aa367a) Importer(815301076,1909f56bfc062723c751e8b465ee728b)
Start importing Assets/Scripts/ResourcePile.cs using Guid(0c73ebf095b3f9a4e8ed3d2eb5aa367a) Importer(815301076,1909f56bfc062723c751e8b465ee728b)  -> (artifact id: '99ecc1840d9cc1c6856e7d3e47f2cba8') in 0.032871 seconds
  Import took 0.047606 seconds .

========================================================================
Received Import Request.
  Time since last request: 0.169079 seconds.
  path: Assets/Scripts/ResourcePile.cs
  artifactKey: Guid(0c73ebf095b3f9a4e8ed3d2eb5aa367a) Importer(815301076,1909f56bfc062723c751e8b465ee728b)
Start importing Assets/Scripts/ResourcePile.cs using Guid(0c73ebf095b3f9a4e8ed3d2eb5aa367a) Importer(815301076,1909f56bfc062723c751e8b465ee728b)  -> (artifact id: '99ecc1840d9cc1c6856e7d3e47f2cba8') in 0.019215 seconds
  Import took 0.037189 seconds .

========================================================================
Received Prepare
Registering precompiled user dll's ...
Registered in 0.005034 seconds.
Begin MonoManager ReloadAssembly
Native extension for WindowsStandalone target not found
Native extension for WebGL target not found
Refreshing native plugins compatible for Editor in 0.94 ms, found 0 plugins.
Preloading 0 native plugins for Editor in 0.00 ms.
Invoked RoslynAnalysisRunner static constructor.
RoslynAnalysisRunner will not be running.
RoslynAnalysisRunner has terminated.
Mono: successfully reloaded assembly
- Completed reload, in  2.252 seconds
Platform modules already initialized, skipping
Shader 'Universal Render Pipeline/Particles/Lit': fallback shader 'Universal Render Pipeline/Particles/SimpleLit' not found
Refreshing native plugins compatible for Editor in 1.63 ms, found 0 plugins.
Preloading 0 native plugins for Editor in 0.00 ms.
Unloading 2360 Unused Serialized files (Serialized files now loaded: 0)
System memory in use before: 108.7 MB.
System memory in use after: 108.9 MB.

Unloading 5 unused Assets to reduce memory usage. Loaded Objects now: 2954.
Total: 12.739000 ms (FindLiveObjects: 1.248600 ms CreateObjectMapping: 0.783900 ms MarkObjects: 10.616500 ms  DeleteObjects: 0.084100 ms)

========================================================================
Received Import Request.
  Time since last request: 45.752680 seconds.
  path: Assets/Scripts/ResourcePile.cs
  artifactKey: Guid(0c73ebf095b3f9a4e8ed3d2eb5aa367a) Importer(815301076,1909f56bfc062723c751e8b465ee728b)
Start importing Assets/Scripts/ResourcePile.cs using Guid(0c73ebf095b3f9a4e8ed3d2eb5aa367a) Importer(815301076,1909f56bfc062723c751e8b465ee728b)  -> (artifact id: 'c46022149d43bcc516b9b1dab3fc8271') in 0.029080 seconds
  Import took 0.037917 seconds .

========================================================================
Received Prepare
Registering precompiled user dll's ...
Registered in 0.004924 seconds.
Begin MonoManager ReloadAssembly
Native extension for WindowsStandalone target not found
Native extension for WebGL target not found
Refreshing native plugins compatible for Editor in 1.13 ms, found 0 plugins.
Preloading 0 native plugins for Editor in 0.00 ms.
Invoked RoslynAnalysisRunner static constructor.
RoslynAnalysisRunner will not be running.
RoslynAnalysisRunner has terminated.
Mono: successfully reloaded assembly
- Completed reload, in  2.154 seconds
Platform modules already initialized, skipping
Shader 'Universal Render Pipeline/Particles/Lit': fallback shader 'Universal Render Pipeline/Particles/SimpleLit' not found
Refreshing native plugins compatible for Editor in 0.98 ms, found 0 plugins.
Preloading 0 native plugins for Editor in 0.00 ms.
Unloading 2360 Unused Serialized files (Serialized files now loaded: 0)
System memory in use before: 108.7 MB.
System memory in use after: 108.9 MB.

Unloading 5 unused Assets to reduce memory usage. Loaded Objects now: 2957.
Total: 6.264100 ms (FindLiveObjects: 0.629400 ms CreateObjectMapping: 0.193000 ms MarkObjects: 5.387800 ms  DeleteObjects: 0.049700 ms)

========================================================================
Received Import Request.
  Time since last request: 75.632149 seconds.
  path: Assets/Scripts/ResourcePile.cs
  artifactKey: Guid(0c73ebf095b3f9a4e8ed3d2eb5aa367a) Importer(815301076,1909f56bfc062723c751e8b465ee728b)
Start importing Assets/Scripts/ResourcePile.cs using Guid(0c73ebf095b3f9a4e8ed3d2eb5aa367a) Importer(815301076,1909f56bfc062723c751e8b465ee728b)  -> (artifact id: '529df2c54f14c35b90bda32da39f4a2b') in 0.023474 seconds
  Import took 0.034409 seconds .

========================================================================
Received Import Request.
  Time since last request: 34.043742 seconds.
  path: Assets/Scripts/ResourcePile.cs
  artifactKey: Guid(0c73ebf095b3f9a4e8ed3d2eb5aa367a) Importer(815301076,1909f56bfc062723c751e8b465ee728b)
Start importing Assets/Scripts/ResourcePile.cs using Guid(0c73ebf095b3f9a4e8ed3d2eb5aa367a) Importer(815301076,1909f56bfc062723c751e8b465ee728b)  -> (artifact id: '1eb64f6413f95b291ec44a6fbb1eb96e') in 0.013949 seconds
  Import took 0.024573 seconds .

========================================================================
Received Prepare
Registering precompiled user dll's ...
Registered in 0.005347 seconds.
Begin MonoManager ReloadAssembly
Native extension for WindowsStandalone target not found
Native extension for WebGL target not found
Refreshing native plugins compatible for Editor in 1.45 ms, found 0 plugins.
Preloading 0 native plugins for Editor in 0.00 ms.
Invoked RoslynAnalysisRunner static constructor.
RoslynAnalysisRunner will not be running.
RoslynAnalysisRunner has terminated.
Mono: successfully reloaded assembly
- Completed reload, in  2.672 seconds
Platform modules already initialized, skipping
Shader 'Universal Render Pipeline/Particles/Lit': fallback shader 'Universal Render Pipeline/Particles/SimpleLit' not found
Refreshing native plugins compatible for Editor in 0.89 ms, found 0 plugins.
Preloading 0 native plugins for Editor in 0.00 ms.
Unloading 2360 Unused Serialized files (Serialized files now loaded: 0)
System memory in use before: 108.6 MB.
System memory in use after: 108.8 MB.

Unloading 5 unused Assets to reduce memory usage. Loaded Objects now: 2960.
Total: 6.380500 ms (FindLiveObjects: 0.801800 ms CreateObjectMapping: 0.493000 ms MarkObjects: 5.035200 ms  DeleteObjects: 0.046800 ms)

========================================================================
Received Import Request.
  Time since last request: 526.998149 seconds.
  path: Assets/Scripts/ResourcePile.cs
  artifactKey: Guid(0c73ebf095b3f9a4e8ed3d2eb5aa367a) Importer(815301076,1909f56bfc062723c751e8b465ee728b)
Start importing Assets/Scripts/ResourcePile.cs using Guid(0c73ebf095b3f9a4e8ed3d2eb5aa367a) Importer(815301076,1909f56bfc062723c751e8b465ee728b)  -> (artifact id: 'da65e90d638c2d34d3b71682345573ac') in 0.017054 seconds
  Import took 0.029172 seconds .

========================================================================
Received Import Request.
  Time since last request: 1226.959611 seconds.
  path: Assets/Optimization/Scenes
  artifactKey: Guid(889d7149e71f26648ac71507009f0e77) Importer(815301076,1909f56bfc062723c751e8b465ee728b)
Start importing Assets/Optimization/Scenes using Guid(889d7149e71f26648ac71507009f0e77) Importer(815301076,1909f56bfc062723c751e8b465ee728b)  -> (artifact id: 'aca8cd29ba21b02b5ca8c6088bdde0e4') in 0.018062 seconds
  Import took 0.032201 seconds .

========================================================================
Received Import Request.
  Time since last request: 0.005840 seconds.
  path: Assets/Optimization/Scenes
  artifactKey: Guid(889d7149e71f26648ac71507009f0e77) Importer(815301076,1909f56bfc062723c751e8b465ee728b)
Start importing Assets/Optimization/Scenes using Guid(889d7149e71f26648ac71507009f0e77) Importer(815301076,1909f56bfc062723c751e8b465ee728b)  -> (artifact id: 'aca8cd29ba21b02b5ca8c6088bdde0e4') in 0.012693 seconds
  Import took 0.023022 seconds .

========================================================================
Received Import Request.
  Time since last request: 0.622761 seconds.
  path: Assets/Optimization/Scenes/Optimization.unity
  artifactKey: Guid(ef9cfffec52b95d4cb2aee41633d8d76) Importer(815301076,1909f56bfc062723c751e8b465ee728b)
Start importing Assets/Optimization/Scenes/Optimization.unity using Guid(ef9cfffec52b95d4cb2aee41633d8d76) Importer(815301076,1909f56bfc062723c751e8b465ee728b)  -> (artifact id: 'd1a271e4a5511205ea0e8f6389f6a34f') in 0.060622 seconds
  Import took 0.071977 seconds .

========================================================================
Received Prepare
Registering precompiled user dll's ...
Registered in 0.004944 seconds.
Begin MonoManager ReloadAssembly
Native extension for WindowsStandalone target not found
Native extension for WebGL target not found
Refreshing native plugins compatible for Editor in 0.91 ms, found 0 plugins.
Preloading 0 native plugins for Editor in 0.00 ms.
Invoked RoslynAnalysisRunner static constructor.
RoslynAnalysisRunner will not be running.
RoslynAnalysisRunner has terminated.
Mono: successfully reloaded assembly
- Completed reload, in  2.287 seconds
Platform modules already initialized, skipping
Shader 'Universal Render Pipeline/Particles/Lit': fallback shader 'Universal Render Pipeline/Particles/SimpleLit' not found
Refreshing native plugins compatible for Editor in 0.88 ms, found 0 plugins.
Preloading 0 native plugins for Editor in 0.00 ms.
Unloading 2360 Unused Serialized files (Serialized files now loaded: 0)
System memory in use before: 108.8 MB.
System memory in use after: 109.0 MB.

Unloading 5 unused Assets to reduce memory usage. Loaded Objects now: 2963.
Total: 5.235300 ms (FindLiveObjects: 0.663400 ms CreateObjectMapping: 0.193200 ms MarkObjects: 4.330700 ms  DeleteObjects: 0.044900 ms)

========================================================================
Received Prepare
Registering precompiled user dll's ...
Registered in 0.004879 seconds.
Begin MonoManager ReloadAssembly
Native extension for WindowsStandalone target not found
Native extension for WebGL target not found
Refreshing native plugins compatible for Editor in 0.92 ms, found 0 plugins.
Preloading 0 native plugins for Editor in 0.00 ms.
Invoked RoslynAnalysisRunner static constructor.
RoslynAnalysisRunner will not be running.
RoslynAnalysisRunner has terminated.
Mono: successfully reloaded assembly
- Completed reload, in  2.544 seconds
Platform modules already initialized, skipping
Shader 'Universal Render Pipeline/Particles/Lit': fallback shader 'Universal Render Pipeline/Particles/SimpleLit' not found
Refreshing native plugins compatible for Editor in 1.44 ms, found 0 plugins.
Preloading 0 native plugins for Editor in 0.00 ms.
Unloading 2360 Unused Serialized files (Serialized files now loaded: 0)
System memory in use before: 108.8 MB.
System memory in use after: 109.0 MB.

Unloading 5 unused Assets to reduce memory usage. Loaded Objects now: 2966.
Total: 7.152200 ms (FindLiveObjects: 0.753700 ms CreateObjectMapping: 0.198700 ms MarkObjects: 6.132900 ms  DeleteObjects: 0.062800 ms)

========================================================================
Received Prepare
Registering precompiled user dll's ...
Registered in 0.005321 seconds.
Begin MonoManager ReloadAssembly
Native extension for WindowsStandalone target not found
Native extension for WebGL target not found
Refreshing native plugins compatible for Editor in 0.99 ms, found 0 plugins.
Preloading 0 native plugins for Editor in 0.00 ms.
Invoked RoslynAnalysisRunner static constructor.
RoslynAnalysisRunner will not be running.
RoslynAnalysisRunner has terminated.
Mono: successfully reloaded assembly
- Completed reload, in  2.416 seconds
Platform modules already initialized, skipping
Shader 'Universal Render Pipeline/Particles/Lit': fallback shader 'Universal Render Pipeline/Particles/SimpleLit' not found
Refreshing native plugins compatible for Editor in 1.10 ms, found 0 plugins.
Preloading 0 native plugins for Editor in 0.00 ms.
Unloading 2360 Unused Serialized files (Serialized files now loaded: 0)
System memory in use before: 108.8 MB.
System memory in use after: 109.0 MB.

Unloading 5 unused Assets to reduce memory usage. Loaded Objects now: 2969.
Total: 7.334600 ms (FindLiveObjects: 0.667200 ms CreateObjectMapping: 0.263200 ms MarkObjects: 6.356600 ms  DeleteObjects: 0.044100 ms)

========================================================================
Received Import Request.
  Time since last request: 1454.065574 seconds.
  path: Assets/Optimization/Scripts/OptimManager.cs
  artifactKey: Guid(2c51b6301e0ed06488e439b9fd6bd7f2) Importer(815301076,1909f56bfc062723c751e8b465ee728b)
Start importing Assets/Optimization/Scripts/OptimManager.cs using Guid(2c51b6301e0ed06488e439b9fd6bd7f2) Importer(815301076,1909f56bfc062723c751e8b465ee728b)  -> (artifact id: 'a20d8b5b5ddf4f46c62adc30e0d37fe3') in 0.013688 seconds
  Import took 0.024076 seconds .

========================================================================
Received Import Request.
  Time since last request: 0.022328 seconds.
  path: Assets/Optimization/Scripts/OptimManager.cs
  artifactKey: Guid(2c51b6301e0ed06488e439b9fd6bd7f2) Importer(815301076,1909f56bfc062723c751e8b465ee728b)
Start importing Assets/Optimization/Scripts/OptimManager.cs using Guid(2c51b6301e0ed06488e439b9fd6bd7f2) Importer(815301076,1909f56bfc062723c751e8b465ee728b)  -> (artifact id: 'a20d8b5b5ddf4f46c62adc30e0d37fe3') in 0.006614 seconds
  Import took 0.013111 seconds .

========================================================================
Received Import Request.
  Time since last request: 2.949643 seconds.
  path: Assets/Optimization/Scripts/OptimUnit.cs
  artifactKey: Guid(7bd4aa01157ba454d9f93a427005f1c6) Importer(815301076,1909f56bfc062723c751e8b465ee728b)
Start importing Assets/Optimization/Scripts/OptimUnit.cs using Guid(7bd4aa01157ba454d9f93a427005f1c6) Importer(815301076,1909f56bfc062723c751e8b465ee728b)  -> (artifact id: '8609362d80ab7b85001b0423131de1fc') in 0.005917 seconds
  Import took 0.014422 seconds .

========================================================================
Received Prepare
Registering precompiled user dll's ...
Registered in 0.002823 seconds.
Begin MonoManager ReloadAssembly
Native extension for WindowsStandalone target not found
Native extension for WebGL target not found
Refreshing native plugins compatible for Editor in 0.47 ms, found 0 plugins.
Preloading 0 native plugins for Editor in 0.00 ms.
Invoked RoslynAnalysisRunner static constructor.
RoslynAnalysisRunner will not be running.
RoslynAnalysisRunner has terminated.
Mono: successfully reloaded assembly
- Completed reload, in  1.130 seconds
Platform modules already initialized, skipping
Shader 'Universal Render Pipeline/Particles/Lit': fallback shader 'Universal Render Pipeline/Particles/SimpleLit' not found
Refreshing native plugins compatible for Editor in 0.63 ms, found 0 plugins.
Preloading 0 native plugins for Editor in 0.00 ms.
Unloading 2360 Unused Serialized files (Serialized files now loaded: 0)
System memory in use before: 108.9 MB.
System memory in use after: 109.1 MB.

Unloading 5 unused Assets to reduce memory usage. Loaded Objects now: 2972.
Total: 4.161600 ms (FindLiveObjects: 0.414000 ms CreateObjectMapping: 0.120500 ms MarkObjects: 3.595600 ms  DeleteObjects: 0.028700 ms)

========================================================================
Received Import Request.
  Time since last request: 1534.571149 seconds.
  path: Assets/Optimization/Scripts/OptimUnit.cs
  artifactKey: Guid(7bd4aa01157ba454d9f93a427005f1c6) Importer(815301076,1909f56bfc062723c751e8b465ee728b)
Start importing Assets/Optimization/Scripts/OptimUnit.cs using Guid(7bd4aa01157ba454d9f93a427005f1c6) Importer(815301076,1909f56bfc062723c751e8b465ee728b)  -> (artifact id: 'e386d6a680ce58f239a91d4701fc586d') in 0.010994 seconds
  Import took 0.020439 seconds .

========================================================================
Received Import Request.
  Time since last request: 58.173583 seconds.
  path: Assets/Optimization/Scripts/OptimUnit.cs
  artifactKey: Guid(7bd4aa01157ba454d9f93a427005f1c6) Importer(815301076,1909f56bfc062723c751e8b465ee728b)
Start importing Assets/Optimization/Scripts/OptimUnit.cs using Guid(7bd4aa01157ba454d9f93a427005f1c6) Importer(815301076,1909f56bfc062723c751e8b465ee728b)  -> (artifact id: '3355e35364bdc9f11583a2b1e48b1015') in 0.006625 seconds
  Import took 0.016733 seconds .

========================================================================
Received Prepare
Registering precompiled user dll's ...
Registered in 0.002741 seconds.
Begin MonoManager ReloadAssembly
Native extension for WindowsStandalone target not found
Native extension for WebGL target not found
Refreshing native plugins compatible for Editor in 0.47 ms, found 0 plugins.
Preloading 0 native plugins for Editor in 0.00 ms.
Invoked RoslynAnalysisRunner static constructor.
RoslynAnalysisRunner will not be running.
RoslynAnalysisRunner has terminated.
Mono: successfully reloaded assembly
- Completed reload, in  1.365 seconds
Platform modules already initialized, skipping
Shader 'Universal Render Pipeline/Particles/Lit': fallback shader 'Universal Render Pipeline/Particles/SimpleLit' not found
Refreshing native plugins compatible for Editor in 0.47 ms, found 0 plugins.
Preloading 0 native plugins for Editor in 0.00 ms.
Unloading 2360 Unused Serialized files (Serialized files now loaded: 0)
System memory in use before: 108.8 MB.
System memory in use after: 109.0 MB.

Unloading 5 unused Assets to reduce memory usage. Loaded Objects now: 2975.
Total: 3.533200 ms (FindLiveObjects: 0.456400 ms CreateObjectMapping: 0.110700 ms MarkObjects: 2.938800 ms  DeleteObjects: 0.025700 ms)

========================================================================
Received Import Request.
  Time since last request: 66.078646 seconds.
  path: Assets/Optimization/Scripts/OptimUnit.cs
  artifactKey: Guid(7bd4aa01157ba454d9f93a427005f1c6) Importer(815301076,1909f56bfc062723c751e8b465ee728b)
Start importing Assets/Optimization/Scripts/OptimUnit.cs using Guid(7bd4aa01157ba454d9f93a427005f1c6) Importer(815301076,1909f56bfc062723c751e8b465ee728b)  -> (artifact id: '41e2092752e9c09e0c9ae86a0812404e') in 0.009870 seconds
  Import took 0.016719 seconds .

========================================================================
Received Prepare
Registering precompiled user dll's ...
Registered in 0.003096 seconds.
Begin MonoManager ReloadAssembly
Native extension for WindowsStandalone target not found
Native extension for WebGL target not found
Refreshing native plugins compatible for Editor in 0.78 ms, found 0 plugins.
Preloading 0 native plugins for Editor in 0.00 ms.
Invoked RoslynAnalysisRunner static constructor.
RoslynAnalysisRunner will not be running.
RoslynAnalysisRunner has terminated.
Mono: successfully reloaded assembly
- Completed reload, in  1.166 seconds
Platform modules already initialized, skipping
Shader 'Universal Render Pipeline/Particles/Lit': fallback shader 'Universal Render Pipeline/Particles/SimpleLit' not found
Refreshing native plugins compatible for Editor in 0.47 ms, found 0 plugins.
Preloading 0 native plugins for Editor in 0.00 ms.
Unloading 2360 Unused Serialized files (Serialized files now loaded: 0)
System memory in use before: 108.9 MB.
System memory in use after: 109.1 MB.

Unloading 5 unused Assets to reduce memory usage. Loaded Objects now: 2978.
Total: 3.772900 ms (FindLiveObjects: 0.391300 ms CreateObjectMapping: 0.116100 ms MarkObjects: 3.239200 ms  DeleteObjects: 0.024700 ms)

========================================================================
Received Import Request.
  Time since last request: 20.313481 seconds.
  path: Assets/Optimization/Scripts/OptimUnit.cs
  artifactKey: Guid(7bd4aa01157ba454d9f93a427005f1c6) Importer(815301076,1909f56bfc062723c751e8b465ee728b)
Start importing Assets/Optimization/Scripts/OptimUnit.cs using Guid(7bd4aa01157ba454d9f93a427005f1c6) Importer(815301076,1909f56bfc062723c751e8b465ee728b)  -> (artifact id: 'ab9c0f1988325f6171dfb29e395ce736') in 0.009765 seconds
  Import took 0.018514 seconds .

========================================================================
Received Prepare
Registering precompiled user dll's ...
Registered in 0.003900 seconds.
Begin MonoManager ReloadAssembly
Native extension for WindowsStandalone target not found
Native extension for WebGL target not found
Refreshing native plugins compatible for Editor in 0.86 ms, found 0 plugins.
Preloading 0 native plugins for Editor in 0.00 ms.
Invoked RoslynAnalysisRunner static constructor.
RoslynAnalysisRunner will not be running.
RoslynAnalysisRunner has terminated.
Mono: successfully reloaded assembly
- Completed reload, in  1.384 seconds
Platform modules already initialized, skipping
Shader 'Universal Render Pipeline/Particles/Lit': fallback shader 'Universal Render Pipeline/Particles/SimpleLit' not found
Refreshing native plugins compatible for Editor in 0.65 ms, found 0 plugins.
Preloading 0 native plugins for Editor in 0.00 ms.
Unloading 2360 Unused Serialized files (Serialized files now loaded: 0)
System memory in use before: 109.0 MB.
System memory in use after: 109.2 MB.

Unloading 5 unused Assets to reduce memory usage. Loaded Objects now: 2981.
Total: 3.640300 ms (FindLiveObjects: 0.360600 ms CreateObjectMapping: 0.100400 ms MarkObjects: 3.151200 ms  DeleteObjects: 0.026700 ms)

========================================================================
Received Import Request.
  Time since last request: 12.577029 seconds.
  path: Assets/Optimization/Scripts/OptimUnit.cs
  artifactKey: Guid(7bd4aa01157ba454d9f93a427005f1c6) Importer(815301076,1909f56bfc062723c751e8b465ee728b)
Start importing Assets/Optimization/Scripts/OptimUnit.cs using Guid(7bd4aa01157ba454d9f93a427005f1c6) Importer(815301076,1909f56bfc062723c751e8b465ee728b)  -> (artifact id: 'ae5cd46fe9f398cfc33669b0b498d9aa') in 0.010041 seconds
  Import took 0.018762 seconds .

========================================================================
Received Prepare
Registering precompiled user dll's ...
Registered in 0.003266 seconds.
Begin MonoManager ReloadAssembly
Native extension for WindowsStandalone target not found
Native extension for WebGL target not found
Refreshing native plugins compatible for Editor in 0.67 ms, found 0 plugins.
Preloading 0 native plugins for Editor in 0.00 ms.
Invoked RoslynAnalysisRunner static constructor.
RoslynAnalysisRunner will not be running.
RoslynAnalysisRunner has terminated.
Mono: successfully reloaded assembly
- Completed reload, in  1.226 seconds
Platform modules already initialized, skipping
Shader 'Universal Render Pipeline/Particles/Lit': fallback shader 'Universal Render Pipeline/Particles/SimpleLit' not found
Refreshing native plugins compatible for Editor in 0.49 ms, found 0 plugins.
Preloading 0 native plugins for Editor in 0.00 ms.
Unloading 2360 Unused Serialized files (Serialized files now loaded: 0)
System memory in use before: 109.0 MB.
System memory in use after: 109.2 MB.

Unloading 5 unused Assets to reduce memory usage. Loaded Objects now: 2984.
Total: 3.418000 ms (FindLiveObjects: 0.598000 ms CreateObjectMapping: 0.216000 ms MarkObjects: 2.578700 ms  DeleteObjects: 0.023500 ms)

========================================================================
Received Prepare
Registering precompiled user dll's ...
Registered in 0.003866 seconds.
Begin MonoManager ReloadAssembly
Native extension for WindowsStandalone target not found
Native extension for WebGL target not found
Refreshing native plugins compatible for Editor in 0.47 ms, found 0 plugins.
Preloading 0 native plugins for Editor in 0.00 ms.
Invoked RoslynAnalysisRunner static constructor.
RoslynAnalysisRunner will not be running.
RoslynAnalysisRunner has terminated.
Mono: successfully reloaded assembly
- Completed reload, in  1.434 seconds
Platform modules already initialized, skipping
Shader 'Universal Render Pipeline/Particles/Lit': fallback shader 'Universal Render Pipeline/Particles/SimpleLit' not found
Refreshing native plugins compatible for Editor in 0.46 ms, found 0 plugins.
Preloading 0 native plugins for Editor in 0.00 ms.
Unloading 2360 Unused Serialized files (Serialized files now loaded: 0)
System memory in use before: 109.0 MB.
System memory in use after: 109.2 MB.

Unloading 5 unused Assets to reduce memory usage. Loaded Objects now: 2987.
Total: 3.198200 ms (FindLiveObjects: 0.356400 ms CreateObjectMapping: 0.089800 ms MarkObjects: 2.724600 ms  DeleteObjects: 0.025500 ms)

========================================================================
Received Import Request.
  Time since last request: 317.961328 seconds.
  path: Assets/Optimization/Scripts/OptimUnit.cs
  artifactKey: Guid(7bd4aa01157ba454d9f93a427005f1c6) Importer(815301076,1909f56bfc062723c751e8b465ee728b)
Start importing Assets/Optimization/Scripts/OptimUnit.cs using Guid(7bd4aa01157ba454d9f93a427005f1c6) Importer(815301076,1909f56bfc062723c751e8b465ee728b)  -> (artifact id: '7d17bbfe0fb25d12cfe4ae423e7d3b78') in 0.009616 seconds
  Import took 0.020181 seconds .

========================================================================
Received Prepare
Registering precompiled user dll's ...
Registered in 0.007118 seconds.
Begin MonoManager ReloadAssembly
Native extension for WindowsStandalone target not found
Native extension for WebGL target not found
Refreshing native plugins compatible for Editor in 1.04 ms, found 0 plugins.
Preloading 0 native plugins for Editor in 0.00 ms.
Invoked RoslynAnalysisRunner static constructor.
RoslynAnalysisRunner will not be running.
RoslynAnalysisRunner has terminated.
Mono: successfully reloaded assembly
- Completed reload, in  2.403 seconds
Platform modules already initialized, skipping
Shader 'Universal Render Pipeline/Particles/Lit': fallback shader 'Universal Render Pipeline/Particles/SimpleLit' not found
Refreshing native plugins compatible for Editor in 1.19 ms, found 0 plugins.
Preloading 0 native plugins for Editor in 0.00 ms.
Unloading 2360 Unused Serialized files (Serialized files now loaded: 0)
System memory in use before: 109.0 MB.
System memory in use after: 109.2 MB.

Unloading 5 unused Assets to reduce memory usage. Loaded Objects now: 2990.
Total: 8.918000 ms (FindLiveObjects: 0.988500 ms CreateObjectMapping: 0.211800 ms MarkObjects: 7.638800 ms  DeleteObjects: 0.074600 ms)

